[2025-03-30T22:40:20.896+0000] {local_task_job_runner.py:123} INFO - ::group::Pre task execution logs
[2025-03-30T22:40:20.933+0000] {taskinstance.py:2614} INFO - Dependencies all met for dep_context=non-requeueable deps ti=<TaskInstance: sales_data.build_dbt manual__2025-03-30T22:40:18.562627+00:00 [queued]>
[2025-03-30T22:40:20.950+0000] {taskinstance.py:2614} INFO - Dependencies all met for dep_context=requeueable deps ti=<TaskInstance: sales_data.build_dbt manual__2025-03-30T22:40:18.562627+00:00 [queued]>
[2025-03-30T22:40:20.950+0000] {taskinstance.py:2867} INFO - Starting attempt 1 of 1
[2025-03-30T22:40:20.966+0000] {taskinstance.py:2890} INFO - Executing <Task(BashOperator): build_dbt> on 2025-03-30 22:40:18.562627+00:00
[2025-03-30T22:40:21.007+0000] {standard_task_runner.py:104} INFO - Running: ['airflow', 'tasks', 'run', 'sales_data', 'build_dbt', 'manual__2025-03-30T22:40:18.562627+00:00', '--job-id', '45', '--raw', '--subdir', 'DAGS_FOLDER/sales.py', '--cfg-path', '/tmp/tmp8krfd9s8']
[2025-03-30T22:40:21.010+0000] {logging_mixin.py:190} WARNING - /home/airflow/.local/lib/python3.12/site-packages/airflow/task/task_runner/standard_task_runner.py:70 DeprecationWarning: This process (pid=1442) is multi-threaded, use of fork() may lead to deadlocks in the child.
[2025-03-30T22:40:21.011+0000] {standard_task_runner.py:105} INFO - Job 45: Subtask build_dbt
[2025-03-30T22:40:21.011+0000] {standard_task_runner.py:72} INFO - Started process 1443 to run task
[2025-03-30T22:40:21.055+0000] {task_command.py:467} INFO - Running <TaskInstance: sales_data.build_dbt manual__2025-03-30T22:40:18.562627+00:00 [running]> on host 2fdd4ef0044b
[2025-03-30T22:40:21.134+0000] {taskinstance.py:3134} INFO - Exporting env vars: AIRFLOW_CTX_DAG_OWNER='airflow' AIRFLOW_CTX_DAG_ID='sales_data' AIRFLOW_CTX_TASK_ID='build_dbt' AIRFLOW_CTX_EXECUTION_DATE='2025-03-30T22:40:18.562627+00:00' AIRFLOW_CTX_TRY_NUMBER='1' AIRFLOW_CTX_DAG_RUN_ID='manual__2025-03-30T22:40:18.562627+00:00'
[2025-03-30T22:40:21.134+0000] {taskinstance.py:732} INFO - ::endgroup::
[2025-03-30T22:40:21.149+0000] {subprocess.py:78} INFO - Tmp dir root location: /tmp
[2025-03-30T22:40:21.150+0000] {subprocess.py:88} INFO - Running command: ['/usr/bin/bash', '-c', 'cd ${AIRFLOW_HOME}/dags/dbt/hostaway_tht && pip install dbt-core dbt-postgres && dbt build --profiles_dir ../dbt_project.yml']
[2025-03-30T22:40:21.611+0000] {subprocess.py:99} INFO - Output:
[2025-03-30T22:40:23.921+0000] {subprocess.py:106} INFO - Collecting dbt-core
[2025-03-30T22:40:24.079+0000] {subprocess.py:106} INFO -   Downloading dbt_core-1.9.3-py3-none-any.whl.metadata (4.0 kB)
[2025-03-30T22:40:24.284+0000] {subprocess.py:106} INFO - Collecting dbt-postgres
[2025-03-30T22:40:24.320+0000] {subprocess.py:106} INFO -   Downloading dbt_postgres-1.9.0-py3-none-any.whl.metadata (4.1 kB)
[2025-03-30T22:40:24.469+0000] {subprocess.py:106} INFO - Collecting agate<1.10,>=1.7.0 (from dbt-core)
[2025-03-30T22:40:24.501+0000] {subprocess.py:106} INFO -   Downloading agate-1.9.1-py2.py3-none-any.whl.metadata (3.2 kB)
[2025-03-30T22:40:24.511+0000] {subprocess.py:106} INFO - Requirement already satisfied: Jinja2<4,>=3.1.3 in /home/airflow/.local/lib/python3.12/site-packages (from dbt-core) (3.1.5)
[2025-03-30T22:40:24.700+0000] {subprocess.py:106} INFO - Collecting mashumaro<3.15,>=3.9 (from mashumaro[msgpack]<3.15,>=3.9->dbt-core)
[2025-03-30T22:40:24.737+0000] {subprocess.py:106} INFO -   Downloading mashumaro-3.14-py3-none-any.whl.metadata (114 kB)
[2025-03-30T22:40:24.822+0000] {subprocess.py:106} INFO - Requirement already satisfied: click<9.0,>=8.0.2 in /home/airflow/.local/lib/python3.12/site-packages (from dbt-core) (8.1.8)
[2025-03-30T22:40:24.872+0000] {subprocess.py:106} INFO - Collecting networkx<4.0,>=2.3 (from dbt-core)
[2025-03-30T22:40:24.904+0000] {subprocess.py:106} INFO -   Downloading networkx-3.4.2-py3-none-any.whl.metadata (6.3 kB)
[2025-03-30T22:40:25.111+0000] {subprocess.py:106} INFO - Collecting protobuf<6.0,>=5.0 (from dbt-core)
[2025-03-30T22:40:25.145+0000] {subprocess.py:106} INFO -   Downloading protobuf-5.29.4-cp38-abi3-manylinux2014_aarch64.whl.metadata (592 bytes)
[2025-03-30T22:40:25.150+0000] {subprocess.py:106} INFO - Requirement already satisfied: requests<3.0.0 in /home/airflow/.local/lib/python3.12/site-packages (from dbt-core) (2.32.3)
[2025-03-30T22:40:25.191+0000] {subprocess.py:106} INFO - Collecting snowplow-tracker<2.0,>=1.0.2 (from dbt-core)
[2025-03-30T22:40:25.223+0000] {subprocess.py:106} INFO -   Downloading snowplow_tracker-1.1.0-py3-none-any.whl.metadata (5.7 kB)
[2025-03-30T22:40:25.228+0000] {subprocess.py:106} INFO - Requirement already satisfied: pathspec<0.13,>=0.9 in /home/airflow/.local/lib/python3.12/site-packages (from dbt-core) (0.12.1)
[2025-03-30T22:40:25.228+0000] {subprocess.py:106} INFO - Requirement already satisfied: sqlparse<0.6.0,>=0.5.0 in /home/airflow/.local/lib/python3.12/site-packages (from dbt-core) (0.5.3)
[2025-03-30T22:40:25.372+0000] {subprocess.py:106} INFO - Collecting dbt-extractor<=0.6,>=0.5.0 (from dbt-core)
[2025-03-30T22:40:25.408+0000] {subprocess.py:106} INFO -   Downloading dbt_extractor-0.5.1-cp38-abi3-manylinux_2_17_aarch64.manylinux2014_aarch64.whl.metadata (4.2 kB)
[2025-03-30T22:40:25.556+0000] {subprocess.py:106} INFO - Collecting dbt-semantic-interfaces<0.8,>=0.7.4 (from dbt-core)
[2025-03-30T22:40:25.589+0000] {subprocess.py:106} INFO -   Downloading dbt_semantic_interfaces-0.7.4-py3-none-any.whl.metadata (2.6 kB)
[2025-03-30T22:40:25.735+0000] {subprocess.py:106} INFO - Collecting dbt-common<2.0,>=1.13.0 (from dbt-core)
[2025-03-30T22:40:25.769+0000] {subprocess.py:106} INFO -   Downloading dbt_common-1.16.0-py3-none-any.whl.metadata (4.9 kB)
[2025-03-30T22:40:25.933+0000] {subprocess.py:106} INFO - Collecting dbt-adapters<2.0,>=1.10.1 (from dbt-core)
[2025-03-30T22:40:25.964+0000] {subprocess.py:106} INFO -   Downloading dbt_adapters-1.14.3-py3-none-any.whl.metadata (4.5 kB)
[2025-03-30T22:40:25.969+0000] {subprocess.py:106} INFO - Requirement already satisfied: packaging>20.9 in /home/airflow/.local/lib/python3.12/site-packages (from dbt-core) (24.2)
[2025-03-30T22:40:25.969+0000] {subprocess.py:106} INFO - Requirement already satisfied: pytz>=2015.7 in /home/airflow/.local/lib/python3.12/site-packages (from dbt-core) (2025.1)
[2025-03-30T22:40:25.970+0000] {subprocess.py:106} INFO - Requirement already satisfied: pyyaml>=6.0 in /home/airflow/.local/lib/python3.12/site-packages (from dbt-core) (6.0.2)
[2025-03-30T22:40:26.100+0000] {subprocess.py:106} INFO - Collecting daff>=1.3.46 (from dbt-core)
[2025-03-30T22:40:26.132+0000] {subprocess.py:106} INFO -   Downloading daff-1.3.46.tar.gz (149 kB)
[2025-03-30T22:40:26.178+0000] {subprocess.py:106} INFO -   Installing build dependencies: started
[2025-03-30T22:40:28.556+0000] {subprocess.py:106} INFO -   Installing build dependencies: finished with status 'done'
[2025-03-30T22:40:28.557+0000] {subprocess.py:106} INFO -   Getting requirements to build wheel: started
[2025-03-30T22:40:28.915+0000] {subprocess.py:106} INFO -   Getting requirements to build wheel: finished with status 'done'
[2025-03-30T22:40:28.917+0000] {subprocess.py:106} INFO -   Preparing metadata (pyproject.toml): started
[2025-03-30T22:40:29.311+0000] {subprocess.py:106} INFO -   Preparing metadata (pyproject.toml): finished with status 'done'
[2025-03-30T22:40:29.314+0000] {subprocess.py:106} INFO - Requirement already satisfied: typing-extensions>=4.4 in /home/airflow/.local/lib/python3.12/site-packages (from dbt-core) (4.12.2)
[2025-03-30T22:40:29.327+0000] {subprocess.py:106} INFO - Requirement already satisfied: psycopg2-binary<3.0,>=2.9 in /home/airflow/.local/lib/python3.12/site-packages (from dbt-postgres) (2.9.10)
[2025-03-30T22:40:29.328+0000] {subprocess.py:106} INFO - Requirement already satisfied: Babel>=2.0 in /home/airflow/.local/lib/python3.12/site-packages (from agate<1.10,>=1.7.0->dbt-core) (2.17.0)
[2025-03-30T22:40:29.328+0000] {subprocess.py:106} INFO - Requirement already satisfied: isodate>=0.5.4 in /home/airflow/.local/lib/python3.12/site-packages (from agate<1.10,>=1.7.0->dbt-core) (0.7.2)
[2025-03-30T22:40:29.483+0000] {subprocess.py:106} INFO - Collecting leather>=0.3.2 (from agate<1.10,>=1.7.0->dbt-core)
[2025-03-30T22:40:29.515+0000] {subprocess.py:106} INFO -   Downloading leather-0.4.0-py2.py3-none-any.whl.metadata (2.8 kB)
[2025-03-30T22:40:29.566+0000] {subprocess.py:106} INFO - Collecting parsedatetime!=2.5,>=2.1 (from agate<1.10,>=1.7.0->dbt-core)
[2025-03-30T22:40:29.598+0000] {subprocess.py:106} INFO -   Downloading parsedatetime-2.6-py3-none-any.whl.metadata (4.7 kB)
[2025-03-30T22:40:29.602+0000] {subprocess.py:106} INFO - Requirement already satisfied: python-slugify>=1.2.1 in /home/airflow/.local/lib/python3.12/site-packages (from agate<1.10,>=1.7.0->dbt-core) (8.0.4)
[2025-03-30T22:40:29.731+0000] {subprocess.py:106} INFO - Collecting pytimeparse>=1.1.5 (from agate<1.10,>=1.7.0->dbt-core)
[2025-03-30T22:40:29.762+0000] {subprocess.py:106} INFO -   Downloading pytimeparse-1.1.8-py2.py3-none-any.whl.metadata (3.4 kB)
[2025-03-30T22:40:29.769+0000] {subprocess.py:106} INFO - Requirement already satisfied: colorama<0.5,>=0.3.9 in /home/airflow/.local/lib/python3.12/site-packages (from dbt-common<2.0,>=1.13.0->dbt-core) (0.4.6)
[2025-03-30T22:40:29.819+0000] {subprocess.py:106} INFO - Collecting deepdiff<8.0,>=7.0 (from dbt-common<2.0,>=1.13.0->dbt-core)
[2025-03-30T22:40:29.855+0000] {subprocess.py:106} INFO -   Downloading deepdiff-7.0.1-py3-none-any.whl.metadata (6.8 kB)
[2025-03-30T22:40:29.892+0000] {subprocess.py:106} INFO - Collecting isodate>=0.5.4 (from agate<1.10,>=1.7.0->dbt-core)
[2025-03-30T22:40:29.927+0000] {subprocess.py:106} INFO -   Downloading isodate-0.6.1-py2.py3-none-any.whl.metadata (9.6 kB)
[2025-03-30T22:40:29.932+0000] {subprocess.py:106} INFO - Requirement already satisfied: jsonschema<5.0,>=4.0 in /home/airflow/.local/lib/python3.12/site-packages (from dbt-common<2.0,>=1.13.0->dbt-core) (4.23.0)
[2025-03-30T22:40:29.936+0000] {subprocess.py:106} INFO - Requirement already satisfied: python-dateutil<3.0,>=2.0 in /home/airflow/.local/lib/python3.12/site-packages (from dbt-common<2.0,>=1.13.0->dbt-core) (2.9.0.post0)
[2025-03-30T22:40:29.937+0000] {subprocess.py:106} INFO - Requirement already satisfied: importlib-metadata<7,>=6.0 in /home/airflow/.local/lib/python3.12/site-packages (from dbt-semantic-interfaces<0.8,>=0.7.4->dbt-core) (6.11.0)
[2025-03-30T22:40:29.938+0000] {subprocess.py:106} INFO - Requirement already satisfied: more-itertools<11.0,>=8.0 in /home/airflow/.local/lib/python3.12/site-packages (from dbt-semantic-interfaces<0.8,>=0.7.4->dbt-core) (10.6.0)
[2025-03-30T22:40:29.938+0000] {subprocess.py:106} INFO - Requirement already satisfied: pydantic<3,>=1.10 in /home/airflow/.local/lib/python3.12/site-packages (from dbt-semantic-interfaces<0.8,>=0.7.4->dbt-core) (2.10.6)
[2025-03-30T22:40:29.939+0000] {subprocess.py:106} INFO - Requirement already satisfied: MarkupSafe>=2.0 in /home/airflow/.local/lib/python3.12/site-packages (from Jinja2<4,>=3.1.3->dbt-core) (3.0.2)
[2025-03-30T22:40:30.002+0000] {subprocess.py:106} INFO - Collecting msgpack>=0.5.6 (from mashumaro[msgpack]<3.15,>=3.9->dbt-core)
[2025-03-30T22:40:30.045+0000] {subprocess.py:106} INFO -   Downloading msgpack-1.1.0-cp312-cp312-manylinux_2_17_aarch64.manylinux2014_aarch64.whl.metadata (8.4 kB)
[2025-03-30T22:40:30.058+0000] {subprocess.py:106} INFO - Requirement already satisfied: charset-normalizer<4,>=2 in /home/airflow/.local/lib/python3.12/site-packages (from requests<3.0.0->dbt-core) (3.4.1)
[2025-03-30T22:40:30.059+0000] {subprocess.py:106} INFO - Requirement already satisfied: idna<4,>=2.5 in /home/airflow/.local/lib/python3.12/site-packages (from requests<3.0.0->dbt-core) (3.10)
[2025-03-30T22:40:30.059+0000] {subprocess.py:106} INFO - Requirement already satisfied: urllib3<3,>=1.21.1 in /home/airflow/.local/lib/python3.12/site-packages (from requests<3.0.0->dbt-core) (2.3.0)
[2025-03-30T22:40:30.059+0000] {subprocess.py:106} INFO - Requirement already satisfied: certifi>=2017.4.17 in /home/airflow/.local/lib/python3.12/site-packages (from requests<3.0.0->dbt-core) (2025.1.31)
[2025-03-30T22:40:30.065+0000] {subprocess.py:106} INFO - Requirement already satisfied: ordered-set<4.2.0,>=4.1.0 in /home/airflow/.local/lib/python3.12/site-packages (from deepdiff<8.0,>=7.0->dbt-common<2.0,>=1.13.0->dbt-core) (4.1.0)
[2025-03-30T22:40:30.068+0000] {subprocess.py:106} INFO - Requirement already satisfied: zipp>=0.5 in /home/airflow/.local/lib/python3.12/site-packages (from importlib-metadata<7,>=6.0->dbt-semantic-interfaces<0.8,>=0.7.4->dbt-core) (3.21.0)
[2025-03-30T22:40:30.068+0000] {subprocess.py:106} INFO - Requirement already satisfied: six in /home/airflow/.local/lib/python3.12/site-packages (from isodate>=0.5.4->agate<1.10,>=1.7.0->dbt-core) (1.17.0)
[2025-03-30T22:40:30.070+0000] {subprocess.py:106} INFO - Requirement already satisfied: attrs>=22.2.0 in /home/airflow/.local/lib/python3.12/site-packages (from jsonschema<5.0,>=4.0->dbt-common<2.0,>=1.13.0->dbt-core) (25.1.0)
[2025-03-30T22:40:30.071+0000] {subprocess.py:106} INFO - Requirement already satisfied: jsonschema-specifications>=2023.03.6 in /home/airflow/.local/lib/python3.12/site-packages (from jsonschema<5.0,>=4.0->dbt-common<2.0,>=1.13.0->dbt-core) (2024.10.1)
[2025-03-30T22:40:30.071+0000] {subprocess.py:106} INFO - Requirement already satisfied: referencing>=0.28.4 in /home/airflow/.local/lib/python3.12/site-packages (from jsonschema<5.0,>=4.0->dbt-common<2.0,>=1.13.0->dbt-core) (0.36.2)
[2025-03-30T22:40:30.071+0000] {subprocess.py:106} INFO - Requirement already satisfied: rpds-py>=0.7.1 in /home/airflow/.local/lib/python3.12/site-packages (from jsonschema<5.0,>=4.0->dbt-common<2.0,>=1.13.0->dbt-core) (0.22.3)
[2025-03-30T22:40:30.076+0000] {subprocess.py:106} INFO - Requirement already satisfied: annotated-types>=0.6.0 in /home/airflow/.local/lib/python3.12/site-packages (from pydantic<3,>=1.10->dbt-semantic-interfaces<0.8,>=0.7.4->dbt-core) (0.7.0)
[2025-03-30T22:40:30.076+0000] {subprocess.py:106} INFO - Requirement already satisfied: pydantic-core==2.27.2 in /home/airflow/.local/lib/python3.12/site-packages (from pydantic<3,>=1.10->dbt-semantic-interfaces<0.8,>=0.7.4->dbt-core) (2.27.2)
[2025-03-30T22:40:30.080+0000] {subprocess.py:106} INFO - Requirement already satisfied: text-unidecode>=1.3 in /home/airflow/.local/lib/python3.12/site-packages (from python-slugify>=1.2.1->agate<1.10,>=1.7.0->dbt-core) (1.3)
[2025-03-30T22:40:30.120+0000] {subprocess.py:106} INFO - Downloading dbt_core-1.9.3-py3-none-any.whl (946 kB)
[2025-03-30T22:40:30.239+0000] {subprocess.py:106} INFO -    ━━━━━━━━━━━━━━━━━━━━━━━━━━━━━━━━━━━━━━━━ 946.1/946.1 kB 7.4 MB/s eta 0:00:00
[2025-03-30T22:40:30.270+0000] {subprocess.py:106} INFO - Downloading dbt_postgres-1.9.0-py3-none-any.whl (35 kB)
[2025-03-30T22:40:30.314+0000] {subprocess.py:106} INFO - Downloading agate-1.9.1-py2.py3-none-any.whl (95 kB)
[2025-03-30T22:40:30.351+0000] {subprocess.py:106} INFO - Downloading dbt_adapters-1.14.3-py3-none-any.whl (171 kB)
[2025-03-30T22:40:30.391+0000] {subprocess.py:106} INFO - Downloading dbt_common-1.16.0-py3-none-any.whl (85 kB)
[2025-03-30T22:40:30.576+0000] {subprocess.py:106} INFO - Downloading dbt_extractor-0.5.1-cp38-abi3-manylinux_2_17_aarch64.manylinux2014_aarch64.whl (1.3 MB)
[2025-03-30T22:40:30.666+0000] {subprocess.py:106} INFO -    ━━━━━━━━━━━━━━━━━━━━━━━━━━━━━━━━━━━━━━━━ 1.3/1.3 MB 23.4 MB/s eta 0:00:00
[2025-03-30T22:40:30.705+0000] {subprocess.py:106} INFO - Downloading dbt_semantic_interfaces-0.7.4-py3-none-any.whl (141 kB)
[2025-03-30T22:40:30.746+0000] {subprocess.py:106} INFO - Downloading mashumaro-3.14-py3-none-any.whl (92 kB)
[2025-03-30T22:40:30.799+0000] {subprocess.py:106} INFO - Downloading networkx-3.4.2-py3-none-any.whl (1.7 MB)
[2025-03-30T22:40:30.904+0000] {subprocess.py:106} INFO -    ━━━━━━━━━━━━━━━━━━━━━━━━━━━━━━━━━━━━━━━━ 1.7/1.7 MB 20.7 MB/s eta 0:00:00
[2025-03-30T22:40:30.937+0000] {subprocess.py:106} INFO - Downloading protobuf-5.29.4-cp38-abi3-manylinux2014_aarch64.whl (319 kB)
[2025-03-30T22:40:30.998+0000] {subprocess.py:106} INFO - Downloading snowplow_tracker-1.1.0-py3-none-any.whl (44 kB)
[2025-03-30T22:40:31.037+0000] {subprocess.py:106} INFO - Downloading deepdiff-7.0.1-py3-none-any.whl (80 kB)
[2025-03-30T22:40:31.084+0000] {subprocess.py:106} INFO - Downloading isodate-0.6.1-py2.py3-none-any.whl (41 kB)
[2025-03-30T22:40:31.136+0000] {subprocess.py:106} INFO - Downloading leather-0.4.0-py2.py3-none-any.whl (30 kB)
[2025-03-30T22:40:31.194+0000] {subprocess.py:106} INFO - Downloading msgpack-1.1.0-cp312-cp312-manylinux_2_17_aarch64.manylinux2014_aarch64.whl (392 kB)
[2025-03-30T22:40:31.283+0000] {subprocess.py:106} INFO - Downloading parsedatetime-2.6-py3-none-any.whl (42 kB)
[2025-03-30T22:40:31.320+0000] {subprocess.py:106} INFO - Downloading pytimeparse-1.1.8-py2.py3-none-any.whl (10.0 kB)
[2025-03-30T22:40:31.340+0000] {subprocess.py:106} INFO - Building wheels for collected packages: daff
[2025-03-30T22:40:31.341+0000] {subprocess.py:106} INFO -   Building wheel for daff (pyproject.toml): started
[2025-03-30T22:40:31.848+0000] {subprocess.py:106} INFO -   Building wheel for daff (pyproject.toml): finished with status 'done'
[2025-03-30T22:40:31.848+0000] {subprocess.py:106} INFO -   Created wheel for daff: filename=daff-1.3.46-py3-none-any.whl size=145580 sha256=efce493cf8b38d77529ea13d5c5710a269a883c23c96a2076247ffd325f77aa3
[2025-03-30T22:40:31.849+0000] {subprocess.py:106} INFO -   Stored in directory: /tmp/.cache/pip/wheels/88/ad/49/13ff24b45a6c4e12e5ae48071f7a63d6b78a475b179e01b54e
[2025-03-30T22:40:31.850+0000] {subprocess.py:106} INFO - Successfully built daff
[2025-03-30T22:40:32.102+0000] {subprocess.py:106} INFO - Installing collected packages: pytimeparse, parsedatetime, leather, daff, protobuf, networkx, msgpack, mashumaro, isodate, deepdiff, dbt-extractor, snowplow-tracker, agate, dbt-semantic-interfaces, dbt-common, dbt-adapters, dbt-core, dbt-postgres
[2025-03-30T22:40:32.294+0000] {subprocess.py:106} INFO -   Attempting uninstall: protobuf
[2025-03-30T22:40:32.300+0000] {subprocess.py:106} INFO -     Found existing installation: protobuf 4.25.6
[2025-03-30T22:40:32.310+0000] {subprocess.py:106} INFO -     Uninstalling protobuf-4.25.6:
[2025-03-30T22:40:32.326+0000] {subprocess.py:106} INFO -       Successfully uninstalled protobuf-4.25.6
[2025-03-30T22:40:33.240+0000] {subprocess.py:106} INFO -   Attempting uninstall: isodate
[2025-03-30T22:40:33.246+0000] {subprocess.py:106} INFO -     Found existing installation: isodate 0.7.2
[2025-03-30T22:40:33.248+0000] {subprocess.py:106} INFO -     Uninstalling isodate-0.7.2:
[2025-03-30T22:40:33.255+0000] {subprocess.py:106} INFO -       Successfully uninstalled isodate-0.7.2
[2025-03-30T22:40:33.900+0000] {subprocess.py:106} INFO - ERROR: pip's dependency resolver does not currently take into account all the packages that are installed. This behaviour is the source of the following dependency conflicts.
[2025-03-30T22:40:33.901+0000] {subprocess.py:106} INFO - opentelemetry-proto 1.27.0 requires protobuf<5.0,>=3.19, but you have protobuf 5.29.4 which is incompatible.
[2025-03-30T22:40:33.901+0000] {subprocess.py:106} INFO - Successfully installed agate-1.9.1 daff-1.3.46 dbt-adapters-1.14.3 dbt-common-1.16.0 dbt-core-1.9.3 dbt-extractor-0.5.1 dbt-postgres-1.9.0 dbt-semantic-interfaces-0.7.4 deepdiff-7.0.1 isodate-0.6.1 leather-0.4.0 mashumaro-3.14 msgpack-1.1.0 networkx-3.4.2 parsedatetime-2.6 protobuf-5.29.4 pytimeparse-1.1.8 snowplow-tracker-1.1.0
[2025-03-30T22:40:34.096+0000] {subprocess.py:106} INFO - 
[2025-03-30T22:40:34.097+0000] {subprocess.py:106} INFO - [notice] A new release of pip is available: 25.0 -> 25.0.1
[2025-03-30T22:40:34.097+0000] {subprocess.py:106} INFO - [notice] To update, run: pip install --upgrade pip
[2025-03-30T22:40:35.462+0000] {subprocess.py:106} INFO - Usage: dbt build [OPTIONS]
[2025-03-30T22:40:35.463+0000] {subprocess.py:106} INFO - Try 'dbt build -h' for help.
[2025-03-30T22:40:35.463+0000] {subprocess.py:106} INFO - 
[2025-03-30T22:40:35.463+0000] {subprocess.py:106} INFO - Error: No such option: --profiles_dir (Possible options: --profile, --profiles-dir, --project-dir)
[2025-03-30T22:40:35.614+0000] {subprocess.py:110} INFO - Command exited with return code 2
[2025-03-30T22:40:35.643+0000] {taskinstance.py:3313} ERROR - Task failed with exception
Traceback (most recent call last):
  File "/home/airflow/.local/lib/python3.12/site-packages/airflow/models/taskinstance.py", line 768, in _execute_task
    result = _execute_callable(context=context, **execute_callable_kwargs)
             ^^^^^^^^^^^^^^^^^^^^^^^^^^^^^^^^^^^^^^^^^^^^^^^^^^^^^^^^^^^^^
  File "/home/airflow/.local/lib/python3.12/site-packages/airflow/models/taskinstance.py", line 734, in _execute_callable
    return ExecutionCallableRunner(
           ^^^^^^^^^^^^^^^^^^^^^^^^
  File "/home/airflow/.local/lib/python3.12/site-packages/airflow/utils/operator_helpers.py", line 252, in run
    return self.func(*args, **kwargs)
           ^^^^^^^^^^^^^^^^^^^^^^^^^^
  File "/home/airflow/.local/lib/python3.12/site-packages/airflow/models/baseoperator.py", line 424, in wrapper
    return func(self, *args, **kwargs)
           ^^^^^^^^^^^^^^^^^^^^^^^^^^^
  File "/home/airflow/.local/lib/python3.12/site-packages/airflow/operators/bash.py", line 276, in execute
    raise AirflowException(
airflow.exceptions.AirflowException: Bash command failed. The command returned a non-zero exit code 2.
[2025-03-30T22:40:35.659+0000] {taskinstance.py:1226} INFO - Marking task as FAILED. dag_id=sales_data, task_id=build_dbt, run_id=manual__2025-03-30T22:40:18.562627+00:00, execution_date=20250330T224018, start_date=20250330T224020, end_date=20250330T224035
[2025-03-30T22:40:35.694+0000] {taskinstance.py:341} INFO - ::group::Post task execution logs
[2025-03-30T22:40:35.694+0000] {standard_task_runner.py:124} ERROR - Failed to execute job 45 for task build_dbt (Bash command failed. The command returned a non-zero exit code 2.; 1443)
Traceback (most recent call last):
  File "/home/airflow/.local/lib/python3.12/site-packages/airflow/task/task_runner/standard_task_runner.py", line 117, in _start_by_fork
    ret = args.func(args, dag=self.dag)
          ^^^^^^^^^^^^^^^^^^^^^^^^^^^^^
  File "/home/airflow/.local/lib/python3.12/site-packages/airflow/cli/cli_config.py", line 49, in command
    return func(*args, **kwargs)
           ^^^^^^^^^^^^^^^^^^^^^
  File "/home/airflow/.local/lib/python3.12/site-packages/airflow/utils/cli.py", line 116, in wrapper
    return f(*args, **kwargs)
           ^^^^^^^^^^^^^^^^^^
  File "/home/airflow/.local/lib/python3.12/site-packages/airflow/cli/commands/task_command.py", line 483, in task_run
    task_return_code = _run_task_by_selected_method(args, _dag, ti)
                       ^^^^^^^^^^^^^^^^^^^^^^^^^^^^^^^^^^^^^^^^^^^^
  File "/home/airflow/.local/lib/python3.12/site-packages/airflow/cli/commands/task_command.py", line 256, in _run_task_by_selected_method
    return _run_raw_task(args, ti)
           ^^^^^^^^^^^^^^^^^^^^^^^
  File "/home/airflow/.local/lib/python3.12/site-packages/airflow/cli/commands/task_command.py", line 341, in _run_raw_task
    return ti._run_raw_task(
           ^^^^^^^^^^^^^^^^^
  File "/home/airflow/.local/lib/python3.12/site-packages/airflow/utils/session.py", line 97, in wrapper
    return func(*args, session=session, **kwargs)
           ^^^^^^^^^^^^^^^^^^^^^^^^^^^^^^^^^^^^^^
  File "/home/airflow/.local/lib/python3.12/site-packages/airflow/models/taskinstance.py", line 3006, in _run_raw_task
    return _run_raw_task(
           ^^^^^^^^^^^^^^
  File "/home/airflow/.local/lib/python3.12/site-packages/airflow/models/taskinstance.py", line 274, in _run_raw_task
    TaskInstance._execute_task_with_callbacks(
  File "/home/airflow/.local/lib/python3.12/site-packages/airflow/models/taskinstance.py", line 3161, in _execute_task_with_callbacks
    result = self._execute_task(context, task_orig)
             ^^^^^^^^^^^^^^^^^^^^^^^^^^^^^^^^^^^^^^
  File "/home/airflow/.local/lib/python3.12/site-packages/airflow/models/taskinstance.py", line 3185, in _execute_task
    return _execute_task(self, context, task_orig)
           ^^^^^^^^^^^^^^^^^^^^^^^^^^^^^^^^^^^^^^^
  File "/home/airflow/.local/lib/python3.12/site-packages/airflow/models/taskinstance.py", line 768, in _execute_task
    result = _execute_callable(context=context, **execute_callable_kwargs)
             ^^^^^^^^^^^^^^^^^^^^^^^^^^^^^^^^^^^^^^^^^^^^^^^^^^^^^^^^^^^^^
  File "/home/airflow/.local/lib/python3.12/site-packages/airflow/models/taskinstance.py", line 734, in _execute_callable
    return ExecutionCallableRunner(
           ^^^^^^^^^^^^^^^^^^^^^^^^
  File "/home/airflow/.local/lib/python3.12/site-packages/airflow/utils/operator_helpers.py", line 252, in run
    return self.func(*args, **kwargs)
           ^^^^^^^^^^^^^^^^^^^^^^^^^^
  File "/home/airflow/.local/lib/python3.12/site-packages/airflow/models/baseoperator.py", line 424, in wrapper
    return func(self, *args, **kwargs)
           ^^^^^^^^^^^^^^^^^^^^^^^^^^^
  File "/home/airflow/.local/lib/python3.12/site-packages/airflow/operators/bash.py", line 276, in execute
    raise AirflowException(
airflow.exceptions.AirflowException: Bash command failed. The command returned a non-zero exit code 2.
[2025-03-30T22:40:35.730+0000] {local_task_job_runner.py:266} INFO - Task exited with return code 1
[2025-03-30T22:40:35.750+0000] {taskinstance.py:3901} INFO - 0 downstream tasks scheduled from follow-on schedule check
[2025-03-30T22:40:35.752+0000] {local_task_job_runner.py:245} INFO - ::endgroup::
